WARNING: A restricted method in java.lang.System has been called
WARNING: java.lang.System::load has been called by org.fusesource.jansi.internal.JansiLoader in an unnamed module (file:/C:/Users/victo/.m2/wrapper/dists/apache-maven-3.9.6/0f95e7798d182e3371f3fee6d8202d3a56e6d71dfd3a2402139882ef2fbe7476/lib/jansi-2.4.0.jar)
WARNING: Use --enable-native-access=ALL-UNNAMED to avoid a warning for callers in this module
WARNING: Restricted methods will be blocked in a future release unless native access is enabled

WARNING: A terminally deprecated method in sun.misc.Unsafe has been called
WARNING: sun.misc.Unsafe::objectFieldOffset has been called by com.google.common.util.concurrent.AbstractFuture$UnsafeAtomicHelper (file:/C:/Users/victo/.m2/wrapper/dists/apache-maven-3.9.6/0f95e7798d182e3371f3fee6d8202d3a56e6d71dfd3a2402139882ef2fbe7476/lib/guava-32.0.1-jre.jar)
WARNING: Please consider reporting this to the maintainers of class com.google.common.util.concurrent.AbstractFuture$UnsafeAtomicHelper
WARNING: sun.misc.Unsafe::objectFieldOffset will be removed in a future release
[INFO] Scanning for projects...
[INFO] 
[INFO] -------------------------< com.foro:foro-hub >--------------------------
[INFO] Building foro-hub 0.0.1-SNAPSHOT
[INFO]   from pom.xml
[INFO] --------------------------------[ jar ]---------------------------------
[INFO] 
[INFO] >>> spring-boot:3.4.3:run (default-cli) > test-compile @ foro-hub >>>
[INFO] 
[INFO] --- resources:3.3.1:resources (default-resources) @ foro-hub ---
[INFO] Copying 1 resource from src\main\resources to target\classes
[INFO] Copying 1 resource from src\main\resources to target\classes
[INFO] 
[INFO] --- compiler:3.13.0:compile (default-compile) @ foro-hub ---
[INFO] Nothing to compile - all classes are up to date.
[INFO] 
[INFO] --- resources:3.3.1:testResources (default-testResources) @ foro-hub ---
[INFO] skip non existing resourceDirectory C:\Users\victo\OneDrive\Escritorio\Allura\challenge-foro-hub\foro-hub\src\test\resources
[INFO] 
[INFO] --- compiler:3.13.0:testCompile (default-testCompile) @ foro-hub ---
[INFO] Nothing to compile - all classes are up to date.
[INFO] 
[INFO] <<< spring-boot:3.4.3:run (default-cli) < test-compile @ foro-hub <<<
[INFO] 
[INFO] 
[INFO] --- spring-boot:3.4.3:run (default-cli) @ foro-hub ---
[INFO] Attaching agents: []

  .   ____          _            __ _ _
 /\\ / ___'_ __ _ _(_)_ __  __ _ \ \ \ \
( ( )\___ | '_ | '_| | '_ \/ _` | \ \ \ \
 \\/  ___)| |_)| | | | | || (_| |  ) ) ) )
  '  |____| .__|_| |_|_| |_\__, | / / / /
 =========|_|==============|___/=/_/_/_/

 :: Spring Boot ::                (v3.4.3)

2026-02-25T00:52:08.641-06:00  INFO 8028 --- [           main] com.foro.foro_hub.ForoHubApplication     : Starting ForoHubApplication using Java 25.0.2 with PID 8028 (C:\Users\victo\OneDrive\Escritorio\Allura\challenge-foro-hub\foro-hub\target\classes started by victo in C:\Users\victo\OneDrive\Escritorio\Allura\challenge-foro-hub\foro-hub)
2026-02-25T00:52:08.645-06:00  INFO 8028 --- [           main] com.foro.foro_hub.ForoHubApplication     : No active profile set, falling back to 1 default profile: "default"
2026-02-25T00:52:10.058-06:00  INFO 8028 --- [           main] .s.d.r.c.RepositoryConfigurationDelegate : Bootstrapping Spring Data JPA repositories in DEFAULT mode.
2026-02-25T00:52:10.186-06:00  INFO 8028 --- [           main] .s.d.r.c.RepositoryConfigurationDelegate : Finished Spring Data repository scanning in 114 ms. Found 2 JPA repository interfaces.
WARNING: A restricted method in java.lang.System has been called
WARNING: java.lang.System::load has been called by org.apache.tomcat.jni.Library in an unnamed module (file:/C:/Users/victo/.m2/repository/org/apache/tomcat/embed/tomcat-embed-core/10.1.36/tomcat-embed-core-10.1.36.jar)
WARNING: Use --enable-native-access=ALL-UNNAMED to avoid a warning for callers in this module
WARNING: Restricted methods will be blocked in a future release unless native access is enabled

2026-02-25T00:52:11.137-06:00  INFO 8028 --- [           main] o.s.b.w.embedded.tomcat.TomcatWebServer  : Tomcat initialized with port 8080 (http)
2026-02-25T00:52:11.167-06:00  INFO 8028 --- [           main] o.apache.catalina.core.StandardService   : Starting service [Tomcat]
2026-02-25T00:52:11.168-06:00  INFO 8028 --- [           main] o.apache.catalina.core.StandardEngine    : Starting Servlet engine: [Apache Tomcat/10.1.36]
2026-02-25T00:52:11.267-06:00  INFO 8028 --- [           main] o.a.c.c.C.[Tomcat].[localhost].[/]       : Initializing Spring embedded WebApplicationContext
2026-02-25T00:52:11.269-06:00  INFO 8028 --- [           main] w.s.c.ServletWebServerApplicationContext : Root WebApplicationContext: initialization completed in 2421 ms
2026-02-25T00:52:11.448-06:00  INFO 8028 --- [           main] o.hibernate.jpa.internal.util.LogHelper  : HHH000204: Processing PersistenceUnitInfo [name: default]
2026-02-25T00:52:11.520-06:00  INFO 8028 --- [           main] org.hibernate.Version                    : HHH000412: Hibernate ORM core version 6.6.8.Final
2026-02-25T00:52:11.573-06:00  INFO 8028 --- [           main] o.h.c.internal.RegionFactoryInitiator    : HHH000026: Second-level cache disabled
2026-02-25T00:52:11.991-06:00  INFO 8028 --- [           main] o.s.o.j.p.SpringPersistenceUnitInfo      : No LoadTimeWeaver setup: ignoring JPA class transformer
2026-02-25T00:52:12.031-06:00  INFO 8028 --- [           main] com.zaxxer.hikari.HikariDataSource       : HikariPool-1 - Starting...
2026-02-25T00:52:12.327-06:00  INFO 8028 --- [           main] com.zaxxer.hikari.pool.HikariPool        : HikariPool-1 - Added connection conn0: url=jdbc:h2:mem:foro_hub user=SA
2026-02-25T00:52:12.329-06:00  INFO 8028 --- [           main] com.zaxxer.hikari.HikariDataSource       : HikariPool-1 - Start completed.
2026-02-25T00:52:12.409-06:00  INFO 8028 --- [           main] org.hibernate.orm.connections.pooling    : HHH10001005: Database info:
	Database JDBC URL [Connecting through datasource 'HikariDataSource (HikariPool-1)']
	Database driver: undefined/unknown
	Database version: 2.3.232
	Autocommit mode: undefined/unknown
	Isolation level: undefined/unknown
	Minimum pool size: undefined/unknown
	Maximum pool size: undefined/unknown
2026-02-25T00:52:13.684-06:00  INFO 8028 --- [           main] o.h.e.t.j.p.i.JtaPlatformInitiator       : HHH000489: No JTA platform available (set 'hibernate.transaction.jta.platform' to enable JTA platform integration)
Hibernate: 
    drop table if exists topicos cascade 
Hibernate: 
    drop table if exists usuarios cascade 
Hibernate: 
    create table topicos (
        activo boolean,
        fecha_creacion timestamp(6),
        id bigint generated by default as identity,
        curso varchar(255) not null,
        mensaje varchar(255) not null,
        titulo varchar(255) not null,
        primary key (id)
    )
Hibernate: 
    create table usuarios (
        id bigint generated by default as identity,
        clave varchar(255),
        login varchar(255),
        primary key (id)
    )
2026-02-25T00:52:13.774-06:00  INFO 8028 --- [           main] j.LocalContainerEntityManagerFactoryBean : Initialized JPA EntityManagerFactory for persistence unit 'default'
2026-02-25T00:52:14.390-06:00  INFO 8028 --- [           main] tionInformation$PropertyDescriptorSource : Couldn't read class metadata for interface java.io.Serializable. Input property calculation might fail
2026-02-25T00:52:14.598-06:00  INFO 8028 --- [           main] r$InitializeUserDetailsManagerConfigurer : Global AuthenticationManager configured with UserDetailsService bean with name usuarioService
2026-02-25T00:52:14.695-06:00  WARN 8028 --- [           main] JpaBaseConfiguration$JpaWebConfiguration : spring.jpa.open-in-view is enabled by default. Therefore, database queries may be performed during view rendering. Explicitly configure spring.jpa.open-in-view to disable this warning
2026-02-25T00:52:15.311-06:00  INFO 8028 --- [           main] o.s.b.a.h2.H2ConsoleAutoConfiguration    : H2 console available at '/h2-console'. Database available at 'jdbc:h2:mem:foro_hub'
2026-02-25T00:52:15.442-06:00  INFO 8028 --- [           main] o.s.b.w.embedded.tomcat.TomcatWebServer  : Tomcat started on port 8080 (http) with context path '/'
2026-02-25T00:52:15.452-06:00  INFO 8028 --- [           main] com.foro.foro_hub.ForoHubApplication     : Started ForoHubApplication in 7.495 seconds (process running for 8.123)
Hibernate: 
    select
        u1_0.id,
        u1_0.clave,
        u1_0.login 
    from
        usuarios u1_0 
    where
        u1_0.login=?
2026-02-25T00:52:56.904-06:00  INFO 8028 --- [ionShutdownHook] o.s.b.w.e.tomcat.GracefulShutdown        : Commencing graceful shutdown. Waiting for active requests to complete
^C¨Desea terminar el trabajo por lotes (S/N)? 2026-02-25T00:52:56.990-06:00  INFO 8028 --- [tomcat-shutdown] o.s.b.w.e.tomcat.GracefulShutdown        : Graceful shutdown complete
2026-02-25T00:52:56.997-06:00  INFO 8028 --- [ionShutdownHook] j.LocalContainerEntityManagerFactoryBean : Closing JPA EntityManagerFactory for persistence unit 'default'
Hibernate: 
    drop table if exists topicos cascade 
Hibernate: 
    drop table if exists usuarios cascade 
2026-02-25T00:52:57.005-06:00  INFO 8028 --- [ionShutdownHook] com.zaxxer.hikari.HikariDataSource       : HikariPool-1 - Shutdown initiated...
2026-02-25T00:52:57.008-06:00  INFO 8028 --- [ionShutdownHook] com.zaxxer.hikari.HikariDataSource       : HikariPool-1 - Shutdown completed.
[INFO] ------------------------------------------------------------------------
[INFO] BUILD SUCCESS
[INFO] ------------------------------------------------------------------------
[INFO] Total time:  53.811 s
[INFO] Finished at: 2026-02-25T00:52:57-06:00
[INFO] ------------------------------------------------------------------------
